服务已启动
url:/login.html
params:{}
url:/login.css
params:{}
url:/baidu.png
params:{}
url:/login.js
params:{}
url:/getData
params:{"a":"1","b":"2","timer":"1547886855933"}
url:/favicon.ico
params:{}
url:/login.css
params:{}
服务已启动
url:/login.html
params:{}
url:/login.css
params:{}
url:/baidu.png
params:{}
url:/login.js
params:{}
url:/getData
params:{"a":"1","b":"2","timer":"1547886926538"}
服务已启动
url:/login.html
params:{}
url:/login.css
params:{}
url:/baidu.png
params:{}
url:/login.js
params:{}
url:/getData
params:{"a":"1","b":"2","timer":"1547975641462"}
服务已启动
url:/login.html
params:{}
url:/login.css
params:{}
url:/baidu.png
params:{}
url:/login.js
params:{}
url:/getData
params:{"a":"1","b":"2","timer":"1547976234311"}
url:/login.html
params:{}
url:/login.css
params:{}
url:/baidu.png
params:{}
url:/login.js
params:{}
服务已启动
url:/login.html
params:{}
url:/login.css
params:{}
url:/baidu.png
params:{}
url:/login.js
params:{}
url:/getData
params:{"a":"1","b":"2","timer":"1547976473371"}
url:/login.html
params:{}
url:/login.css
params:{}
url:/login.js
params:{}
params:{}
url:/baidu.png
服务已启动
url:/login.html
params:{}
url:/login.css
params:{}
url:/baidu.png
params:{}
url:/login.js
params:{}
url:/getData
params:{"a":"1","b":"2","timer":"1547976677982"}
url:/login.html
params:{}
url:/login.css
params:{}
url:/baidu.png
params:{}
url:/login.js
params:{}
服务已启动
url:/login.html
params:{}
url:/login.css
params:{}
url:/baidu.png
params:{}
url:/login.js
params:{}
url:/getData
params:{"a":"1","b":"2","timer":"1547976829488"}
服务已启动
url:/login.html
params:{}
url:/login.css
params:{}
url:/baidu.png
params:{}
url:/login.js
params:{}
url:/getData
params:{"a":"1","b":"2","timer":"1547976870013"}
服务已启动
url:/login.html
params:{}
url:/login.css
params:{}
params:{}
url:/login.js
url:/baidu.png
params:{}
params:{"a":"1","b":"2","timer":"1547977889874"}
url:/getData
url:/login.html
params:{}
url:/login.css
params:{}
url:/baidu.png
url:/login.js
params:{}
params:{}
服务已启动
url:/login.html
params:{}
url:/login.css
params:{}
url:/baidu.png
params:{}
params:{}
url:/login.js
params:{"a":"1","b":"2","timer":"1547977967437"}
url:/getData
url:/login
params:{"stuNum":"[object HTMLInputElement]","password":"[object HTMLInputElement]","timer":"1547977983045"}
url:/login
params:{"stuNum":"[object HTMLInputElement]","password":"[object HTMLInputElement]","timer":"1547978086628"}
服务已启动
url:/login.html
params:{}
url:/login.css
params:{}
url:/baidu.png
params:{}
url:/login.js
params:{}
params:{"a":"1","b":"2","timer":"1547978102186"}
url:/getData
url:/login
params:{"stuNum":"1","password":"123456","timer":"1547978108557"}
url:/login
params:{"stuNum":"1","password":"123456","timer":"1547978466218"}
服务已启动
url:/login.html
params:{}
url:/login.css
params:{}
params:{}
url:/login.js
params:{}
url:/baidu.png
params:{"a":"1","b":"2","timer":"1547978531318"}
url:/getData
服务已启动
url:/login.html
params:{}
url:/login.css
params:{}
url:/baidu.png
params:{}
url:/login.js
params:{}
params:{"a":"1","b":"2","timer":"1547978559908"}
url:/getData
服务已启动
url:/login.html
params:{}
url:/login.css
params:{}
url:/baidu.png
params:{}
url:/login.js
params:{}
url:/getData
params:{"a":"1","b":"2","timer":"1547978687939"}
服务已启动
url:/login.html
params:{}
url:/login.css
params:{}
url:/baidu.png
params:{}
url:/login.js
params:{}
url:/getData
params:{"a":"1","b":"2","timer":"1547978775879"}
服务已启动
url:/login.html
params:{}
url:/login.css
params:{}
url:/baidu.png
params:{}
url:/login.js
params:{}
url:/getData
params:{"a":"1","b":"2","timer":"1547978930054"}
服务已启动
url:/login.html
params:{}
params:{}
url:/login.css
url:/baidu.png
params:{}
url:/login.js
params:{}
url:/getData
params:{"a":"1","b":"2","timer":"1547979143014"}
服务已启动
服务已启动
url:/login.html
params:{}
url:/login.css
params:{}
url:/baidu.png
params:{}
url:/login.js
params:{}
url:/getData
params:{"a":"1","b":"2","timer":"1547979294783"}
服务已启动
url:/login.html
params:{}
url:/login.css
params:{}
url:/baidu.png
params:{}
url:/login.js
params:{}
url:/getData
params:{"a":"1","b":"2","timer":"1547979607849"}
服务已启动
url:/login.html
params:{}
url:/login.css
params:{}
url:/baidu.png
params:{}
url:/login.js
params:{}
url:/getData
params:{"a":"1","b":"2","timer":"1547979698529"}
服务已启动
url:/login.html
params:{}
url:/login.css
params:{}
url:/baidu.png
params:{}
url:/login.js
params:{}
url:/getData
params:{"a":"1","b":"2","timer":"1547979810651"}
服务已启动
url:/login.html
params:{}
url:/login.css
params:{}
url:/baidu.png
params:{}
url:/login.js
params:{}
url:/getData
params:{"a":"1","b":"2","timer":"1547979940813"}
服务已启动
url:/login.html
params:{}
url:/login.css
params:{}
url:/baidu.png
params:{}
url:/login.js
params:{}
url:/getData
params:{"a":"1","b":"2","timer":"1547980164966"}
服务已启动
url:/login.html
params:{}
params:{}
url:/login.css
url:/baidu.png
params:{}
url:/login.js
params:{}
url:/getData
params:{"a":"1","b":"2","timer":"1547980318210"}
服务已启动
url:/login.html
params:{}
url:/login.css
params:{}
url:/baidu.png
params:{}
url:/login.js
params:{}
url:/getData
params:{"a":"1","b":"2","timer":"1547980783652"}
服务已启动
url:/login.html
params:{}
url:/login.css
params:{}
url:/baidu.png
params:{}
url:/login.js
params:{}
url:/getData
params:{"a":"1","b":"2","timer":"1547980839511"}
服务已启动
url:/login.html
params:{}
url:/login.css
params:{}
params:{}
url:/login.js
params:{}
url:/baidu.png
url:/getData
params:{"a":"1","b":"2","timer":"1547981188264"}
服务已启动
url:/login.html
params:{}
url:/login.css
params:{}
url:/baidu.png
params:{}
url:/login.js
params:{}
url:/getData
params:{"a":"1","b":"2","timer":"1547981234155"}
服务已启动
url:/login.html
params:{}
url:/login.css
params:{}
params:{}
url:/baidu.png
url:/login.js
params:{}
params:{"a":"1","b":"2","timer":"1547981349542"}
url:/getData
服务已启动
url:/login.html
params:{}
url:/login.css
params:{}
url:/baidu.png
params:{}
url:/login.js
params:{}
url:/login
params:{"stuNum":"1","password":"123456","timer":"1547981429832"}
服务已启动
url:/login.html
params:{}
url:/login.css
params:{}
url:/baidu.png
params:{}
params:{}
url:/login.js
url:/getData
params:{"a":"1","b":"2","timer":"1547981901087"}
服务已启动
url:/login.html
params:{}
params:{}
url:/login.css
url:/baidu.png
params:{}
url:/login.js
params:{}
url:/getData
params:{"a":"1","b":"2","timer":"1547982011128"}
服务已启动
url:/login.html
params:{}
url:/login.css
url:/baidu.png
params:{}
params:{}
url:/login.js
params:{}
url:/getData
params:{"a":"1","b":"2","timer":"1547982195334"}
服务已启动
url:/login.html
params:{}
url:/login.css
params:{}
url:/login.js
params:{}
url:/baidu.png
params:{}
url:/login.html
params:{}
url:/login.css
params:{}
params:{}
url:/login.js
params:{}
url:/baidu.png
url:/login
params:{"stuNum":"1","password":"123456","timer":"1547982434837"}
服务已启动
url:/login.html
params:{}
url:/login.css
params:{}
url:/baidu.png
params:{}
url:/login.js
params:{}
url:/login
params:{"stuNum":"1","password":"123456","timer":"1547982476096"}
服务已启动
url:/login.html
params:{}
url:/login.css
params:{}
params:{}
params:{}
url:/baidu.png
url:/login.js
url:/login.html
params:{}
url:/login.css
params:{}
params:{}
url:/login.js
params:{}
url:/baidu.png
url:/login
params:{"stuNum":"1","password":"123456","timer":"1547982667652"}
服务已启动
url:/login.html
params:{}
url:/login.css
params:{}
url:/baidu.png
params:{}
url:/login.js
params:{}
url:/login
params:{"stuNum":"1","password":"123456","timer":"1547982881580"}
服务已启动
url:/login.html
params:{}
url:/login.css
params:{}
url:/baidu.png
url:/login.js
params:{}
params:{}
url:/login
params:{"stuNum":"1","password":"123456","timer":"1547983009083"}
url:/login.html
params:{}
url:/login.css
params:{}
url:/baidu.png
params:{}
url:/login.js
params:{}
服务已启动
url:/login.html
params:{}
url:/login.css
params:{}
params:{}
url:/baidu.png
url:/login.js
params:{}
url:/login
params:{"stuNum":"1","password":"123456","timer":"1547983081264"}
服务已启动
url:/login.html
params:{}
url:/login.css
params:{}
url:/baidu.png
params:{}
url:/login.js
params:{}
url:/login
params:{"stuNum":"1","password":"123456","timer":"1547983156481"}
服务已启动
url:/login.html
params:{}
url:/login.css
params:{}
params:{}
url:/baidu.png
url:/login.js
params:{}
url:/login
params:{"stuNum":"1","password":"123456","timer":"1547983221761"}
服务已启动
url:/login.html
params:{}
url:/login.css
params:{}
params:{}
url:/login.js
params:{}
url:/baidu.png
url:/login
params:{"stuNum":"1","password":"123456","timer":"1547983291274"}
服务已启动
url:/login.html
params:{}
url:/login.css
params:{}
url:/baidu.png
url:/login.js
params:{}
params:{}
url:/login
params:{"stuNum":"1","password":"123456","timer":"1547983311518"}
服务已启动
params:{}
url:/login.html
url:/login.css
params:{}
url:/baidu.png
params:{}
url:/login.js
params:{}
url:/login
params:{"stuNum":"1","password":"123456","timer":"1547986780208"}
服务已启动
url:/login.html
params:{}
url:/login.css
params:{}
url:/baidu.png
params:{}
url:/login.js
params:{}
url:/login
params:{"stuNum":"1","password":"123456","timer":"1547986870025"}
url:/login
params:{"stuNum":"1","password":"123456","timer":"1547986872510"}
url:/login
params:{"stuNum":"1","password":"123456","timer":"1547986874381"}
服务已启动
url:/login.html
params:{}
url:/login.css
params:{}
url:/baidu.png
params:{}
url:/login.js
params:{}
服务已启动
url:/login.html
params:{}
url:/login.css
params:{}
url:/baidu.png
params:{}
url:/login.js
params:{}
url:/login
params:{}
url:/login
params:{}
服务已启动
url:/login.html
params:{}
url:/login.css
params:{}
url:/baidu.png
params:{}
url:/login.js
params:{}
url:/login
params:{}
url:/main.html
params:{}
服务已启动
params:{}
url:/login.html
url:/login.css
params:{}
url:/baidu.png
params:{}
url:/login.js
params:{}
url:/login
params:{}
url:/main.html
params:{}
服务已启动
url:/login.html
params:{}
url:/login.css
params:{}
url:/baidu.png
params:{}
url:/login.js
params:{}
url:/login
params:{}
url:/error.html
params:{}
url:/login
params:{}
url:/error.html
params:{}
url:/login.html
params:{}
url:/login.css
params:{}
url:/baidu.png
params:{}
url:/login.js
params:{}
url:/login
params:{}
params:{}
url:/error.html
url:/error.html
params:{}
url:/login.html
params:{}
url:/login.css
params:{}
url:/baidu.png
params:{}
url:/login.js
params:{}
url:/login
params:{}
params:{}
url:/error.html
url:/login.html
params:{}
url:/login.css
params:{}
url:/baidu.png
params:{}
url:/login.js
params:{}
url:/login
params:{}
url:/error.html
params:{}
url:/login.html
params:{}
url:/login.css
params:{}
url:/baidu.png
params:{}
url:/login.js
params:{}
服务已启动
url:/login.html
params:{}
url:/login.css
params:{}
url:/login.js
params:{}
url:/baidu.png
params:{}
url:/login
params:{}
服务已启动
url:/login
params:{}
url:/error.html
params:{}
url:/login.html
params:{}
url:/login.css
params:{}
url:/baidu.png
params:{}
params:{}
url:/login.js
url:/login
params:{}
url:/error.html
params:{}
url:/login
params:{}
url:/error.html
params:{}
服务已启动
url:/login.html
params:{}
url:/login.css
params:{}
url:/baidu.png
params:{}
url:/login.js
params:{}
url:/login
params:{}
服务已启动
url:/login.html
params:{}
url:/login.css
params:{}
url:/baidu.png
params:{}
url:/login.js
params:{}
url:/login.html
params:{}
url:/login.css
url:/baidu.png
params:{}
params:{}
params:{}
url:/login.js
url:/login.html
params:{}
url:/login.css
params:{}
url:/baidu.png
params:{}
url:/login.js
params:{}
url:/login.html
params:{}
params:{}
url:/baidu.png
params:{}
url:/login.css
params:{}
url:/login.js
url:/login
params:{}
url:/error.html
params:{}
服务已启动
params:{}
url:/error.html
url:/login.html
params:{}
url:/login.css
params:{}
url:/baidu.png
params:{}
url:/login.js
params:{}
url:/login
params:{}
url:/error.html
params:{}
服务已启动
url:/login.html
params:{}
url:/login.css
params:{}
url:/baidu.png
params:{}
url:/login.js
params:{}
url:/login.html
params:{}
url:/login.css
params:{}
url:/baidu.png
params:{}
url:/login.js
params:{}
url:/login
params:{}
url:/main.html
params:{}
服务已启动
url:/login.html
params:{}
url:/login.css
params:{}
url:/baidu.png
params:{}
url:/login.js
params:{}
url:/login
params:{}
params:{}
url:/main.html
url:/login
params:{}
url:/error.html
params:{}
服务已启动
url:/login.html
params:{}
url:/login.css
params:{}
params:{}
url:/baidu.png
url:/login.js
params:{}
url:/login
params:{}
url:/main.html
params:{}
服务已启动
params:{}
url:/login.html
服务已启动
url:/login.html
params:{}
url:/login.css
params:{}
url:/baidu.png
params:{}
url:/login.js
params:{}
服务已启动
url:/login.html
params:{}
url:/login.css
params:{}
url:/baidu.png
params:{}
params:{}
url:/login.js
服务已启动
url:/main.html
params:{}
url:/login.html
params:{}
url:/login.css
params:{}
url:/baidu.png
params:{}
url:/login.js
params:{}
params:{}
url:/login
url:/error.html
params:{}
url:/login.html
params:{}
url:/login.css
params:{}
url:/baidu.png
params:{}
url:/login.js
params:{}
url:/login.html
params:{}
url:/login.css
params:{}
url:/baidu.png
params:{}
url:/login.js
params:{}
url:/login
params:{}
url:/error.html
params:{}
url:/login.html
params:{}
url:/login.css
params:{}
url:/baidu.png
params:{}
url:/login.js
params:{}
服务已启动
url:/login.html
params:{}
url:/login.css
params:{}
url:/baidu.png
params:{}
url:/login.js
params:{}
url:/login
params:{}
url:/error.html
params:{}
params:{}
url:/login.html
url:/login.css
params:{}
url:/baidu.png
params:{}
url:/login.js
params:{}
url:/login
params:{}
url:/error.html
params:{}
服务已启动
url:/login.html
params:{}
url:/login.css
params:{}
url:/baidu.png
params:{}
url:/login.js
params:{}
url:/login
params:{}
url:/main.html
params:{}
url:/login.html
params:{}
url:/login.css
params:{}
url:/baidu.png
params:{}
url:/login.js
params:{}
url:/login.html
params:{}
url:/login.css
params:{}
url:/baidu.png
params:{}
url:/login.js
params:{}
url:/login.html
params:{}
url:/login.css
params:{}
url:/baidu.png
params:{}
url:/login.js
params:{}
url:/login
params:{}
url:/main.html
params:{}
url:/main.html
params:{}
url:/login.html
params:{}
url:/login.css
params:{}
url:/baidu.png
params:{}
url:/login.js
params:{}
url:/login.html
params:{}
url:/login.css
params:{}
url:/baidu.png
params:{}
params:{}
url:/login.js
params:{}
url:/main.html
url:/login.html
params:{}
url:/login.css
params:{}
params:{}
url:/login.js
params:{}
url:/baidu.png
url:/login.html
params:{}
url:/login.css
params:{}
url:/baidu.png
params:{}
url:/login.js
params:{}
url:/login
params:{}
url:/main.html
params:{}
url:/main.html
params:{}
url:/main.html
params:{}
url:/main.html
params:{}
url:/main.html
params:{}
url:/main.html
params:{}
url:/main.html
params:{}
url:/main.html
params:{}
params:{}
url:/main.html
url:/login.html
params:{}
url:/login.css
params:{}
url:/baidu.png
params:{}
url:/login.js
params:{}
url:/login.html
params:{}
url:/login.css
params:{}
url:/baidu.png
params:{}
params:{}
url:/login.js
服务已启动
params:{}
url:/login.html
url:/baidu.png
params:{}
url:/login.js
params:{}
url:/login.css
params:{}
url:/favicon.ico
params:{}
url:/login.css
params:{}
服务已启动
url:/login.html
params:{}
url:/login.js
params:{}
params:{}
url:/login.css
params:{}
url:/baidu.png
url:/login
params:{}
url:/main.html
params:{}
params:{}
url:/login.html
url:/login.js
params:{}
url:/baidu.png
params:{}
url:/login.css
params:{}
url:/main.html
params:{}
url:/main.html
params:{}
url:/login.html
params:{}
url:/login.js
params:{}
url:/baidu.png
params:{}
url:/login.css
params:{}
url:/main.html
params:{}
url:/login.html
params:{}
params:{}
url:/baidu.png
params:{}
url:/login.js
url:/login.css
params:{}
url:/login
params:{}
params:{}
url:/main.html
url:/main.html
params:{}
url:/login
params:{}
params:{}
url:/error.html
url:/login.html
params:{}
url:/login.css
url:/baidu.png
params:{}
url:/login.js
params:{}
params:{}
服务已启动
服务已启动
url:/login.html
params:{}
url:/login.css
params:{}
params:{}
url:/baidu.png
url:/login.js
params:{}
url:/login
params:{}
url:/main.html
params:{}
url:/login.html
params:{}
url:/baidu.png
params:{}
url:/login.css
params:{}
url:/login.js
params:{}
url:/login
params:{}
url:/main.html
params:{}
